============================================================================================== 
Warning! Mixing Conda and module environments may lead to corruption of the
user environment. 
We do not recommend users mixing those two environments unless absolutely
necessary. Note that 
SURF does not provide any support for Conda environment.
For more information, please refer to our software policy page:
https://servicedesk.surf.nl/wiki/display/WIKI/Software+policy+Snellius#SoftwarepolicySnellius-UseofAnacondaandMinicondaenvironmentsonSnellius 

Remember that many packages have already been installed on the system and can
be loaded using 
the 'module load <package__name>' command. If you are uncertain if a package is
already available 
on the system, please use 'module avail' or 'module spider' to search for it.
============================================================================================== 
/home/acolombo/.conda/envs/hyperbolic_embeddings/lib/python3.10/site-packages/networkx/readwrite/json_graph/node_link.py:287: FutureWarning: 
The default value will be changed to `edges="edges" in NetworkX 3.6.

To make this warning go away, explicitly set the edges kwarg, e.g.:

  nx.node_link_graph(data, edges="links") to preserve current behavior, or
  nx.node_link_graph(data, edges="edges") for forward compatibility.
  warnings.warn(
min_angles 16
Progress: 2 / 40,    current node: 2,    elapsed time: 0.00,    iteration time: 0.003070.
min_angles 2
Progress: 3 / 40,    current node: 3,    elapsed time: 0.00,    iteration time: 0.000683.
min_angles 7
Progress: 4 / 40,    current node: 4,    elapsed time: 0.00,    iteration time: 0.000429.
min_angles 8
Progress: 5 / 40,    current node: 5,    elapsed time: 0.00,    iteration time: 0.000413.
min_angles 5
Progress: 6 / 40,    current node: 9,    elapsed time: 0.01,    iteration time: 0.000411.
min_angles 3
Progress: 7 / 40,    current node: 10,    elapsed time: 0.01,    iteration time: 0.000411.
Progress: 8 / 40,    current node: 12,    elapsed time: 0.01,    iteration time: 0.000369.
min_angles 4
Progress: 9 / 40,    current node: 13,    elapsed time: 0.01,    iteration time: 0.000405.
Progress: 10 / 40,    current node: 14,    elapsed time: 0.01,    iteration time: 0.000360.
min_angles 15
Progress: 11 / 40,    current node: 15,    elapsed time: 0.01,    iteration time: 0.000415.
min_angles 6
Progress: 12 / 40,    current node: 17,    elapsed time: 0.01,    iteration time: 0.000399.
min_angles 9
Progress: 13 / 40,    current node: 20,    elapsed time: 0.01,    iteration time: 0.000408.
Progress: 14 / 40,    current node: 21,    elapsed time: 0.01,    iteration time: 0.000350.
Progress: 15 / 40,    current node: 32,    elapsed time: 0.01,    iteration time: 0.000360.
Progress: 16 / 40,    current node: 163,    elapsed time: 0.01,    iteration time: 0.000357.
Progress: 17 / 40,    current node: 37,    elapsed time: 0.01,    iteration time: 0.000296.
Progress: 18 / 40,    current node: 51,    elapsed time: 0.01,    iteration time: 0.000282.
Progress: 19 / 40,    current node: 55,    elapsed time: 0.01,    iteration time: 0.000297.
Progress: 20 / 40,    current node: 59,    elapsed time: 0.01,    iteration time: 0.000287.
Progress: 21 / 40,    current node: 65,    elapsed time: 0.01,    iteration time: 0.000295.
Progress: 22 / 40,    current node: 74,    elapsed time: 0.01,    iteration time: 0.000297.
Progress: 23 / 40,    current node: 149,    elapsed time: 0.01,    iteration time: 0.000343.
Progress: 24 / 40,    current node: 23,    elapsed time: 0.01,    iteration time: 0.000350.
Progress: 25 / 40,    current node: 24,    elapsed time: 0.01,    iteration time: 0.000349.
Progress: 26 / 40,    current node: 27,    elapsed time: 0.01,    iteration time: 0.000341.
Progress: 27 / 40,    current node: 36,    elapsed time: 0.01,    iteration time: 0.000339.
Progress: 28 / 40,    current node: 54,    elapsed time: 0.01,    iteration time: 0.000336.
Progress: 29 / 40,    current node: 19,    elapsed time: 0.01,    iteration time: 0.000346.
Progress: 30 / 40,    current node: 91,    elapsed time: 0.01,    iteration time: 0.000340.
Progress: 31 / 40,    current node: 92,    elapsed time: 0.01,    iteration time: 0.000355.
Progress: 32 / 40,    current node: 110,    elapsed time: 0.02,    iteration time: 0.000344.
Progress: 33 / 40,    current node: 134,    elapsed time: 0.02,    iteration time: 0.000340.
Progress: 34 / 40,    current node: 44,    elapsed time: 0.02,    iteration time: 0.000342.
Progress: 35 / 40,    current node: 6,    elapsed time: 0.02,    iteration time: 0.000338.
Progress: 36 / 40,    current node: 18,    elapsed time: 0.02,    iteration time: 0.000339.
Progress: 37 / 40,    current node: 68,    elapsed time: 0.02,    iteration time: 0.000350.
Progress: 38 / 40,    current node: 40,    elapsed time: 0.02,    iteration time: 0.000340.
Progress: 39 / 40,    current node: 16,    elapsed time: 0.02,    iteration time: 0.000351.
Progress: 40 / 40,    current node: 154,    elapsed time: 0.02,    iteration time: 0.000341.
Mean relative distortion: 0.208
Maximum relative distortion: 0.966
Worst-case distortion: 29.636
Mean average precision: 0.594
/gpfs/home4/acolombo/music/hyperbolic_tree_embeddings/results/constructive_method/fma_metadata/fma_metadata
hierarchy_embedding_tau_3.0.png
